# JRE version: Java(TM) SE Runtime Environment (8.0_92-b14) (build 1.8.0_92-b14)
# Java VM: Java HotSpot(TM) 64-Bit Server VM (25.92-b14 mixed mode windows-amd64 compressed oops)
Heap:
 PSYoungGen      total 230400K, used 67276K [0x00000000eab00000, 0x00000000ffb00000, 0x0000000100000000)
  eden space 116736K, 27% used [0x00000000eab00000,0x00000000ecab3408,0x00000000f1d00000)
  from space 113664K, 30% used [0x00000000f8c00000,0x00000000fadfffe0,0x00000000ffb00000)
  to   space 17920K, 0% used [0x00000000f1d00000,0x00000000f1d00000,0x00000000f2e80000)
 ParOldGen       total 304128K, used 120839K [0x00000000c0000000, 0x00000000d2900000, 0x00000000eab00000)
  object space 304128K, 39% used [0x00000000c0000000,0x00000000c7601e98,0x00000000d2900000)
 Metaspace       used 6575K, capacity 7256K, committed 7424K, reserved 1056768K
  class space    used 627K, capacity 656K, committed 768K, reserved 1048576K
GC Heap History (10 events):
Event: 46.492 GC heap before
{Heap before GC invocations=18 (full 4):
 PSYoungGen      total 232960K, used 144885K [0x00000000eab00000, 0x0000000100000000, 0x0000000100000000)
  eden space 116736K, 100% used [0x00000000eab00000,0x00000000f1d00000,0x00000000f1d00000)
  from space 116224K, 24% used [0x00000000f1d00000,0x00000000f387d790,0x00000000f8e80000)
  to   space 116224K, 0% used [0x00000000f8e80000,0x00000000f8e80000,0x0000000100000000)
 ParOldGen       total 351232K, used 213452K [0x00000000c0000000, 0x00000000d5700000, 0x00000000eab00000)
  object space 351232K, 60% used [0x00000000c0000000,0x00000000cd0733c0,0x00000000d5700000)
 Metaspace       used 6545K, capacity 7256K, committed 7424K, reserved 1056768K
  class space    used 626K, capacity 656K, committed 768K, reserved 1048576K
Event: 46.593 GC heap after
Heap after GC invocations=18 (full 4):
 PSYoungGen      total 232960K, used 41164K [0x00000000eab00000, 0x0000000100000000, 0x0000000100000000)
  eden space 116736K, 0% used [0x00000000eab00000,0x00000000eab00000,0x00000000f1d00000)
  from space 116224K, 35% used [0x00000000f8e80000,0x00000000fb6b30c8,0x0000000100000000)
  to   space 116224K, 0% used [0x00000000f1d00000,0x00000000f1d00000,0x00000000f8e80000)
 ParOldGen       total 351232K, used 237404K [0x00000000c0000000, 0x00000000d5700000, 0x00000000eab00000)
  object space 351232K, 67% used [0x00000000c0000000,0x00000000ce7d70e0,0x00000000d5700000)
 Metaspace       used 6545K, capacity 7256K, committed 7424K, reserved 1056768K
  class space    used 626K, capacity 656K, committed 768K, reserved 1048576K
}
Event: 46.675 GC heap before
{Heap before GC invocations=19 (full 4):
 PSYoungGen      total 232960K, used 157900K [0x00000000eab00000, 0x0000000100000000, 0x0000000100000000)
  eden space 116736K, 100% used [0x00000000eab00000,0x00000000f1d00000,0x00000000f1d00000)
  from space 116224K, 35% used [0x00000000f8e80000,0x00000000fb6b30c8,0x0000000100000000)
  to   space 116224K, 0% used [0x00000000f1d00000,0x00000000f1d00000,0x00000000f8e80000)
 ParOldGen       total 351232K, used 237404K [0x00000000c0000000, 0x00000000d5700000, 0x00000000eab00000)
  object space 351232K, 67% used [0x00000000c0000000,0x00000000ce7d70e0,0x00000000d5700000)
 Metaspace       used 6547K, capacity 7256K, committed 7424K, reserved 1056768K
  class space    used 626K, capacity 656K, committed 768K, reserved 1048576K
Event: 46.790 GC heap after
Heap after GC invocations=19 (full 4):
 PSYoungGen      total 232960K, used 67542K [0x00000000eab00000, 0x0000000100000000, 0x0000000100000000)
  eden space 116736K, 0% used [0x00000000eab00000,0x00000000eab00000,0x00000000f1d00000)
  from space 116224K, 58% used [0x00000000f1d00000,0x00000000f5ef5a80,0x00000000f8e80000)
  to   space 116224K, 0% used [0x00000000f8e80000,0x00000000f8e80000,0x0000000100000000)
 ParOldGen       total 351232K, used 278688K [0x00000000c0000000, 0x00000000d5700000, 0x00000000eab00000)
  object space 351232K, 79% used [0x00000000c0000000,0x00000000d10281a8,0x00000000d5700000)
 Metaspace       used 6547K, capacity 7256K, committed 7424K, reserved 1056768K
  class space    used 626K, capacity 656K, committed 768K, reserved 1048576K
}
Event: 48.866 GC heap before
{Heap before GC invocations=20 (full 4):
 PSYoungGen      total 232960K, used 184278K [0x00000000eab00000, 0x0000000100000000, 0x0000000100000000)
  eden space 116736K, 100% used [0x00000000eab00000,0x00000000f1d00000,0x00000000f1d00000)
  from space 116224K, 58% used [0x00000000f1d00000,0x00000000f5ef5a80,0x00000000f8e80000)
  to   space 116224K, 0% used [0x00000000f8e80000,0x00000000f8e80000,0x0000000100000000)
 ParOldGen       total 351232K, used 278688K [0x00000000c0000000, 0x00000000d5700000, 0x00000000eab00000)
  object space 351232K, 79% used [0x00000000c0000000,0x00000000d10281a8,0x00000000d5700000)
 Metaspace       used 6550K, capacity 7256K, committed 7424K, reserved 1056768K
  class space    used 626K, capacity 656K, committed 768K, reserved 1048576K
Event: 49.025 GC heap after
Heap after GC invocations=20 (full 4):
 PSYoungGen      total 232960K, used 21737K [0x00000000eab00000, 0x0000000100000000, 0x0000000100000000)
  eden space 116736K, 0% used [0x00000000eab00000,0x00000000eab00000,0x00000000f1d00000)
  from space 116224K, 18% used [0x00000000f8e80000,0x00000000fa3ba5e8,0x0000000100000000)
  to   space 116224K, 0% used [0x00000000f1d00000,0x00000000f1d00000,0x00000000f8e80000)
 ParOldGen       total 351232K, used 349427K [0x00000000c0000000, 0x00000000d5700000, 0x00000000eab00000)
  object space 351232K, 99% used [0x00000000c0000000,0x00000000d553cfd8,0x00000000d5700000)
 Metaspace       used 6550K, capacity 7256K, committed 7424K, reserved 1056768K
  class space    used 626K, capacity 656K, committed 768K, reserved 1048576K
}
Event: 49.025 GC heap before
{Heap before GC invocations=21 (full 5):
 PSYoungGen      total 232960K, used 21737K [0x00000000eab00000, 0x0000000100000000, 0x0000000100000000)
  eden space 116736K, 0% used [0x00000000eab00000,0x00000000eab00000,0x00000000f1d00000)
  from space 116224K, 18% used [0x00000000f8e80000,0x00000000fa3ba5e8,0x0000000100000000)
  to   space 116224K, 0% used [0x00000000f1d00000,0x00000000f1d00000,0x00000000f8e80000)
 ParOldGen       total 351232K, used 349427K [0x00000000c0000000, 0x00000000d5700000, 0x00000000eab00000)
  object space 351232K, 99% used [0x00000000c0000000,0x00000000d553cfd8,0x00000000d5700000)
 Metaspace       used 6550K, capacity 7256K, committed 7424K, reserved 1056768K
  class space    used 626K, capacity 656K, committed 768K, reserved 1048576K
Event: 50.098 GC heap after
Heap after GC invocations=21 (full 5):
 PSYoungGen      total 232960K, used 0K [0x00000000eab00000, 0x0000000100000000, 0x0000000100000000)
  eden space 116736K, 0% used [0x00000000eab00000,0x00000000eab00000,0x00000000f1d00000)
  from space 116224K, 0% used [0x00000000f8e80000,0x00000000f8e80000,0x0000000100000000)
  to   space 116224K, 0% used [0x00000000f1d00000,0x00000000f1d00000,0x00000000f8e80000)
 ParOldGen       total 304128K, used 120839K [0x00000000c0000000, 0x00000000d2900000, 0x00000000eab00000)
  object space 304128K, 39% used [0x00000000c0000000,0x00000000c7601e98,0x00000000d2900000)
 Metaspace       used 6550K, capacity 7256K, committed 7424K, reserved 1056768K
  class space    used 626K, capacity 656K, committed 768K, reserved 1048576K
}
Event: 81.688 GC heap before
{Heap before GC invocations=22 (full 5):
 PSYoungGen      total 232960K, used 116736K [0x00000000eab00000, 0x0000000100000000, 0x0000000100000000)
  eden space 116736K, 100% used [0x00000000eab00000,0x00000000f1d00000,0x00000000f1d00000)
  from space 116224K, 0% used [0x00000000f8e80000,0x00000000f8e80000,0x0000000100000000)
  to   space 116224K, 0% used [0x00000000f1d00000,0x00000000f1d00000,0x00000000f8e80000)
 ParOldGen       total 304128K, used 120839K [0x00000000c0000000, 0x00000000d2900000, 0x00000000eab00000)
  object space 304128K, 39% used [0x00000000c0000000,0x00000000c7601e98,0x00000000d2900000)
 Metaspace       used 6570K, capacity 7256K, committed 7424K, reserved 1056768K
  class space    used 627K, capacity 656K, committed 768K, reserved 1048576K
Event: 81.738 GC heap after
Heap after GC invocations=22 (full 5):
 PSYoungGen      total 134656K, used 17888K [0x00000000eab00000, 0x00000000ffb00000, 0x0000000100000000)
  eden space 116736K, 0% used [0x00000000eab00000,0x00000000eab00000,0x00000000f1d00000)
  from space 17920K, 99% used [0x00000000f1d00000,0x00000000f2e78010,0x00000000f2e80000)
  to   space 113664K, 0% used [0x00000000f8c00000,0x00000000f8c00000,0x00000000ffb00000)
 ParOldGen       total 304128K, used 120839K [0x00000000c0000000, 0x00000000d2900000, 0x00000000eab00000)
  object space 304128K, 39% used [0x00000000c0000000,0x00000000c7601e98,0x00000000d2900000)
 Metaspace       used 6570K, capacity 7256K, committed 7424K, reserved 1056768K
  class space    used 627K, capacity 656K, committed 768K, reserved 1048576K
}

